<?xml version="1.0" encoding="UTF-8"?>
<testsuite name="com.example.project.service.PersonServiceTest" tests="1" skipped="0" failures="0" errors="0" timestamp="2021-01-18T21:03:15" hostname="lyudongjaeui-MacBookPro.local" time="0.757">
  <properties/>
  <testcase name="modify()" classname="com.example.project.service.PersonServiceTest" time="0.757"/>
  <system-out><![CDATA[]]></system-out>
  <system-err><![CDATA[]]></system-err>
</testsuite>
