<?xml version="1.0" encoding="UTF-8"?>
<testsuite name="com.example.project.service.PersonServiceTest" tests="1" skipped="0" failures="0" errors="0" timestamp="2021-01-14T12:33:00" hostname="lyudongjaeui-MacBookPro.local" time="0.228">
  <properties/>
  <testcase name="getPerson()" classname="com.example.project.service.PersonServiceTest" time="0.228"/>
  <system-out><![CDATA[21:32:56.107 [Test worker] DEBUG org.springframework.test.context.BootstrapUtils - Instantiating CacheAwareContextLoaderDelegate from class [org.springframework.test.context.cache.DefaultCacheAwareContextLoaderDelegate]
21:32:56.125 [Test worker] DEBUG org.springframework.test.context.BootstrapUtils - Instantiating BootstrapContext using constructor [public org.springframework.test.context.support.DefaultBootstrapContext(java.lang.Class,org.springframework.test.context.CacheAwareContextLoaderDelegate)]
21:32:56.176 [Test worker] DEBUG org.springframework.test.context.BootstrapUtils - Instantiating TestContextBootstrapper for test class [com.example.project.service.PersonServiceTest] from class [org.springframework.boot.test.context.SpringBootTestContextBootstrapper]
21:32:56.191 [Test worker] INFO org.springframework.boot.test.context.SpringBootTestContextBootstrapper - Neither @ContextConfiguration nor @ContextHierarchy found for test class [com.example.project.service.PersonServiceTest], using SpringBootContextLoader
21:32:56.196 [Test worker] DEBUG org.springframework.test.context.support.AbstractContextLoader - Did not detect default resource location for test class [com.example.project.service.PersonServiceTest]: class path resource [com/example/project/service/PersonServiceTest-context.xml] does not exist
21:32:56.196 [Test worker] DEBUG org.springframework.test.context.support.AbstractContextLoader - Did not detect default resource location for test class [com.example.project.service.PersonServiceTest]: class path resource [com/example/project/service/PersonServiceTestContext.groovy] does not exist
21:32:56.197 [Test worker] INFO org.springframework.test.context.support.AbstractContextLoader - Could not detect default resource locations for test class [com.example.project.service.PersonServiceTest]: no resource found for suffixes {-context.xml, Context.groovy}.
21:32:56.198 [Test worker] INFO org.springframework.test.context.support.AnnotationConfigContextLoaderUtils - Could not detect default configuration classes for test class [com.example.project.service.PersonServiceTest]: PersonServiceTest does not declare any static, non-private, non-final, nested classes annotated with @Configuration.
21:32:56.255 [Test worker] DEBUG org.springframework.test.context.support.ActiveProfilesUtils - Could not find an 'annotation declaring class' for annotation type [org.springframework.test.context.ActiveProfiles] and class [com.example.project.service.PersonServiceTest]
21:32:56.303 [Test worker] DEBUG org.springframework.context.annotation.ClassPathScanningCandidateComponentProvider - Identified candidate component class: file [/Users/ryudongjae/Desktop/project/SpringBoot-management.system/build/classes/java/main/com/example/project/ProjectApplication.class]
21:32:56.304 [Test worker] INFO org.springframework.boot.test.context.SpringBootTestContextBootstrapper - Found @SpringBootConfiguration com.example.project.ProjectApplication for test class com.example.project.service.PersonServiceTest
21:32:56.375 [Test worker] DEBUG org.springframework.boot.test.context.SpringBootTestContextBootstrapper - @TestExecutionListeners is not present for class [com.example.project.service.PersonServiceTest]: using defaults.
21:32:56.376 [Test worker] INFO org.springframework.boot.test.context.SpringBootTestContextBootstrapper - Loaded default TestExecutionListener class names from location [META-INF/spring.factories]: [org.springframework.boot.test.autoconfigure.restdocs.RestDocsTestExecutionListener, org.springframework.boot.test.autoconfigure.web.client.MockRestServiceServerResetTestExecutionListener, org.springframework.boot.test.autoconfigure.web.servlet.MockMvcPrintOnlyOnFailureTestExecutionListener, org.springframework.boot.test.autoconfigure.web.servlet.WebDriverTestExecutionListener, org.springframework.boot.test.autoconfigure.webservices.client.MockWebServiceServerTestExecutionListener, org.springframework.boot.test.mock.mockito.MockitoTestExecutionListener, org.springframework.boot.test.mock.mockito.ResetMocksTestExecutionListener, org.springframework.test.context.web.ServletTestExecutionListener, org.springframework.test.context.support.DirtiesContextBeforeModesTestExecutionListener, org.springframework.test.context.support.DependencyInjectionTestExecutionListener, org.springframework.test.context.support.DirtiesContextTestExecutionListener, org.springframework.test.context.transaction.TransactionalTestExecutionListener, org.springframework.test.context.jdbc.SqlScriptsTestExecutionListener, org.springframework.test.context.event.EventPublishingTestExecutionListener]
21:32:56.390 [Test worker] INFO org.springframework.boot.test.context.SpringBootTestContextBootstrapper - Using TestExecutionListeners: [org.springframework.test.context.web.ServletTestExecutionListener@3e224dd3, org.springframework.test.context.support.DirtiesContextBeforeModesTestExecutionListener@278d9022, org.springframework.boot.test.mock.mockito.MockitoTestExecutionListener@266e31e0, org.springframework.boot.test.autoconfigure.SpringBootDependencyInjectionTestExecutionListener@619b0b09, org.springframework.test.context.support.DirtiesContextTestExecutionListener@4d7b8e3c, org.springframework.test.context.transaction.TransactionalTestExecutionListener@6bc0b31, org.springframework.test.context.jdbc.SqlScriptsTestExecutionListener@518acb37, org.springframework.test.context.event.EventPublishingTestExecutionListener@6870414c, org.springframework.boot.test.autoconfigure.restdocs.RestDocsTestExecutionListener@79eb2810, org.springframework.boot.test.autoconfigure.web.client.MockRestServiceServerResetTestExecutionListener@1f68519f, org.springframework.boot.test.autoconfigure.web.servlet.MockMvcPrintOnlyOnFailureTestExecutionListener@18bce236, org.springframework.boot.test.autoconfigure.web.servlet.WebDriverTestExecutionListener@722caa4c, org.springframework.boot.test.autoconfigure.webservices.client.MockWebServiceServerTestExecutionListener@5227a7b1, org.springframework.boot.test.mock.mockito.ResetMocksTestExecutionListener@f1ef0c3]
21:32:56.393 [Test worker] DEBUG org.springframework.test.context.support.AbstractDirtiesContextTestExecutionListener - Before test class: context [DefaultTestContext@4d816c6e testClass = PersonServiceTest, testInstance = [null], testMethod = [null], testException = [null], mergedContextConfiguration = [WebMergedContextConfiguration@a013064 testClass = PersonServiceTest, locations = '{}', classes = '{class com.example.project.ProjectApplication}', contextInitializerClasses = '[]', activeProfiles = '{}', propertySourceLocations = '{}', propertySourceProperties = '{org.springframework.boot.test.context.SpringBootTestContextBootstrapper=true}', contextCustomizers = set[org.springframework.boot.test.autoconfigure.actuate.metrics.MetricsExportContextCustomizerFactory$DisableMetricExportContextCustomizer@61450e09, org.springframework.boot.test.autoconfigure.properties.PropertyMappingContextCustomizer@0, org.springframework.boot.test.autoconfigure.web.servlet.WebDriverContextCustomizerFactory$Customizer@79712ff8, org.springframework.boot.test.context.filter.ExcludeFilterContextCustomizer@56fc7989, org.springframework.boot.test.json.DuplicateJsonObjectContextCustomizerFactory$DuplicateJsonObjectContextCustomizer@101cb86d, org.springframework.boot.test.mock.mockito.MockitoContextCustomizer@0, org.springframework.boot.test.web.client.TestRestTemplateContextCustomizer@108c34e3, org.springframework.boot.test.context.SpringBootTestArgs@1, org.springframework.boot.test.context.SpringBootTestWebEnvironment@463f79ca], resourceBasePath = 'src/main/webapp', contextLoader = 'org.springframework.boot.test.context.SpringBootContextLoader', parent = [null]], attributes = map['org.springframework.test.context.web.ServletTestExecutionListener.activateListener' -> true]], class annotated with @DirtiesContext [false] with mode [null].
21:32:56.419 [Test worker] DEBUG org.springframework.test.context.support.TestPropertySourceUtils - Adding inlined properties to environment: {spring.jmx.enabled=false, org.springframework.boot.test.context.SpringBootTestContextBootstrapper=true}

  .   ____          _            __ _ _
 /\\ / ___'_ __ _ _(_)_ __  __ _ \ \ \ \
( ( )\___ | '_ | '_| | '_ \/ _` | \ \ \ \
 \\/  ___)| |_)| | | | | || (_| |  ) ) ) )
  '  |____| .__|_| |_|_| |_\__, | / / / /
 =========|_|==============|___/=/_/_/_/
 :: Spring Boot ::                (v2.4.1)

2021-01-14 21:32:56.831  INFO 8258 --- [    Test worker] c.e.project.service.PersonServiceTest    : Starting PersonServiceTest using Java 15.0.1 on lyudongjaeui-MacBookPro.local with PID 8258 (started by ryudongjae in /Users/ryudongjae/Desktop/project/SpringBoot-management.system)
2021-01-14 21:32:56.834  INFO 8258 --- [    Test worker] c.e.project.service.PersonServiceTest    : No active profile set, falling back to default profiles: default
2021-01-14 21:32:57.501  INFO 8258 --- [    Test worker] .s.d.r.c.RepositoryConfigurationDelegate : Bootstrapping Spring Data JPA repositories in DEFAULT mode.
2021-01-14 21:32:57.560  INFO 8258 --- [    Test worker] .s.d.r.c.RepositoryConfigurationDelegate : Finished Spring Data repository scanning in 49 ms. Found 2 JPA repository interfaces.
2021-01-14 21:32:58.016  INFO 8258 --- [    Test worker] com.zaxxer.hikari.HikariDataSource       : HikariPool-1 - Starting...
2021-01-14 21:32:58.168  INFO 8258 --- [    Test worker] com.zaxxer.hikari.HikariDataSource       : HikariPool-1 - Start completed.
2021-01-14 21:32:58.224  INFO 8258 --- [    Test worker] o.hibernate.jpa.internal.util.LogHelper  : HHH000204: Processing PersistenceUnitInfo [name: default]
2021-01-14 21:32:58.266  INFO 8258 --- [    Test worker] org.hibernate.Version                    : HHH000412: Hibernate ORM core version 5.4.25.Final
2021-01-14 21:32:58.426  INFO 8258 --- [    Test worker] o.hibernate.annotations.common.Version   : HCANN000001: Hibernate Commons Annotations {5.1.2.Final}
2021-01-14 21:32:58.539  INFO 8258 --- [    Test worker] org.hibernate.dialect.Dialect            : HHH000400: Using dialect: org.hibernate.dialect.H2Dialect
2021-01-14 21:32:59.062  INFO 8258 --- [    Test worker] o.h.e.t.j.p.i.JtaPlatformInitiator       : HHH000490: Using JtaPlatform implementation: [org.hibernate.engine.transaction.jta.platform.internal.NoJtaPlatform]
2021-01-14 21:32:59.069  INFO 8258 --- [    Test worker] j.LocalContainerEntityManagerFactoryBean : Initialized JPA EntityManagerFactory for persistence unit 'default'
2021-01-14 21:32:59.486  WARN 8258 --- [    Test worker] JpaBaseConfiguration$JpaWebConfiguration : spring.jpa.open-in-view is enabled by default. Therefore, database queries may be performed during view rendering. Explicitly configure spring.jpa.open-in-view to disable this warning
2021-01-14 21:32:59.653  INFO 8258 --- [    Test worker] o.s.s.concurrent.ThreadPoolTaskExecutor  : Initializing ExecutorService 'applicationTaskExecutor'
2021-01-14 21:33:00.029  INFO 8258 --- [    Test worker] c.e.project.service.PersonServiceTest    : Started PersonServiceTest in 3.603 seconds (JVM running for 4.757)
person: Person(Id=3, name=cris, age=8, hobby=null, bloodType=O, address=null, birthday=null, job=null, block=Block(id=4, name=cris, reason=null, startDate=null, endData=null))
2021-01-14 21:33:00.270  INFO 8258 --- [    Test worker] c.e.project.servisce.PersonService       : person: Person(Id=3, name=cris, age=8, hobby=null, bloodType=O, address=null, birthday=null, job=null, block=Block(id=4, name=cris, reason=null, startDate=null, endData=null))
]]></system-out>
  <system-err><![CDATA[]]></system-err>
</testsuite>
