<?xml version="1.0" encoding="UTF-8"?>
<testsuite name="com.example.project.controller.HelloWorldControllerTest" tests="2" skipped="0" failures="0" errors="0" timestamp="2021-01-20T13:53:12" hostname="lyudongjaeui-MacBookPro.local" time="0.094">
  <properties/>
  <testcase name="helloworld()" classname="com.example.project.controller.HelloWorldControllerTest" time="0.003"/>
  <testcase name="mockmvcTest()" classname="com.example.project.controller.HelloWorldControllerTest" time="0.09"/>
  <system-out><![CDATA[2021-01-20 22:53:12.422  INFO 33683 --- [    Test worker] .b.t.c.SpringBootTestContextBootstrapper : Neither @ContextConfiguration nor @ContextHierarchy found for test class [com.example.project.controller.HelloWorldControllerTest], using SpringBootContextLoader
2021-01-20 22:53:12.424  INFO 33683 --- [    Test worker] o.s.t.c.support.AbstractContextLoader    : Could not detect default resource locations for test class [com.example.project.controller.HelloWorldControllerTest]: no resource found for suffixes {-context.xml, Context.groovy}.
2021-01-20 22:53:12.424  INFO 33683 --- [    Test worker] t.c.s.AnnotationConfigContextLoaderUtils : Could not detect default configuration classes for test class [com.example.project.controller.HelloWorldControllerTest]: HelloWorldControllerTest does not declare any static, non-private, non-final, nested classes annotated with @Configuration.
2021-01-20 22:53:12.433  INFO 33683 --- [    Test worker] .b.t.c.SpringBootTestContextBootstrapper : Found @SpringBootConfiguration com.example.project.ProjectApplication for test class com.example.project.controller.HelloWorldControllerTest
2021-01-20 22:53:12.435  INFO 33683 --- [    Test worker] .b.t.c.SpringBootTestContextBootstrapper : Loaded default TestExecutionListener class names from location [META-INF/spring.factories]: [org.springframework.boot.test.autoconfigure.restdocs.RestDocsTestExecutionListener, org.springframework.boot.test.autoconfigure.web.client.MockRestServiceServerResetTestExecutionListener, org.springframework.boot.test.autoconfigure.web.servlet.MockMvcPrintOnlyOnFailureTestExecutionListener, org.springframework.boot.test.autoconfigure.web.servlet.WebDriverTestExecutionListener, org.springframework.boot.test.autoconfigure.webservices.client.MockWebServiceServerTestExecutionListener, org.springframework.boot.test.mock.mockito.MockitoTestExecutionListener, org.springframework.boot.test.mock.mockito.ResetMocksTestExecutionListener, org.springframework.test.context.web.ServletTestExecutionListener, org.springframework.test.context.support.DirtiesContextBeforeModesTestExecutionListener, org.springframework.test.context.support.DependencyInjectionTestExecutionListener, org.springframework.test.context.support.DirtiesContextTestExecutionListener, org.springframework.test.context.transaction.TransactionalTestExecutionListener, org.springframework.test.context.jdbc.SqlScriptsTestExecutionListener, org.springframework.test.context.event.EventPublishingTestExecutionListener]
2021-01-20 22:53:12.436  INFO 33683 --- [    Test worker] .b.t.c.SpringBootTestContextBootstrapper : Using TestExecutionListeners: [org.springframework.test.context.web.ServletTestExecutionListener@1a0f2cda, org.springframework.test.context.support.DirtiesContextBeforeModesTestExecutionListener@7c767859, org.springframework.boot.test.mock.mockito.MockitoTestExecutionListener@63b0fc29, org.springframework.boot.test.autoconfigure.SpringBootDependencyInjectionTestExecutionListener@62f577ec, org.springframework.test.context.support.DirtiesContextTestExecutionListener@17ffe94, org.springframework.test.context.transaction.TransactionalTestExecutionListener@4e84fa52, org.springframework.test.context.jdbc.SqlScriptsTestExecutionListener@2ab1161f, org.springframework.test.context.event.EventPublishingTestExecutionListener@63b24eb2, org.springframework.boot.test.autoconfigure.restdocs.RestDocsTestExecutionListener@1dc7970e, org.springframework.boot.test.autoconfigure.web.client.MockRestServiceServerResetTestExecutionListener@74f8b88e, org.springframework.boot.test.autoconfigure.web.servlet.MockMvcPrintOnlyOnFailureTestExecutionListener@565b49e0, org.springframework.boot.test.autoconfigure.web.servlet.WebDriverTestExecutionListener@276d5a47, org.springframework.boot.test.autoconfigure.webservices.client.MockWebServiceServerTestExecutionListener@6b3d643, org.springframework.boot.test.mock.mockito.ResetMocksTestExecutionListener@37be22d3]
HelloWorld!!
2021-01-20 22:53:12.470  INFO 33683 --- [    Test worker] o.s.mock.web.MockServletContext          : Initializing Spring TestDispatcherServlet ''
2021-01-20 22:53:12.470  INFO 33683 --- [    Test worker] o.s.t.web.servlet.TestDispatcherServlet  : Initializing Servlet ''
2021-01-20 22:53:12.471  INFO 33683 --- [    Test worker] o.s.t.web.servlet.TestDispatcherServlet  : Completed initialization in 1 ms

MockHttpServletRequest:
      HTTP Method = GET
      Request URI = /api/helloworld
       Parameters = {}
          Headers = []
             Body = <no character encoding set>
    Session Attrs = {}

Handler:
             Type = com.example.project.controller.HelloWorldContorller
           Method = com.example.project.controller.HelloWorldContorller#helloWorld()

Async:
    Async started = false
     Async result = null

Resolved Exception:
             Type = null

ModelAndView:
        View name = null
             View = null
            Model = null

FlashMap:
       Attributes = null

MockHttpServletResponse:
           Status = 200
    Error message = null
          Headers = [Content-Type:"text/plain;charset=ISO-8859-1", Content-Length:"12"]
     Content type = text/plain;charset=ISO-8859-1
             Body = HelloWorld!!
    Forwarded URL = null
   Redirected URL = null
          Cookies = []
]]></system-out>
  <system-err><![CDATA[]]></system-err>
</testsuite>
