<?xml version="1.0" encoding="UTF-8"?>
<testsuite name="com.example.project.repository.PersonRepositoryTest" tests="1" skipped="0" failures="0" errors="0" timestamp="2021-01-14T14:59:04" hostname="lyudongjaeui-MacBookPro.local" time="0.337">
  <properties/>
  <testcase name="findByBirthdayBetween()" classname="com.example.project.repository.PersonRepositoryTest" time="0.337"/>
  <system-out><![CDATA[23:58:59.374 [Test worker] DEBUG org.springframework.test.context.BootstrapUtils - Instantiating CacheAwareContextLoaderDelegate from class [org.springframework.test.context.cache.DefaultCacheAwareContextLoaderDelegate]
23:58:59.388 [Test worker] DEBUG org.springframework.test.context.BootstrapUtils - Instantiating BootstrapContext using constructor [public org.springframework.test.context.support.DefaultBootstrapContext(java.lang.Class,org.springframework.test.context.CacheAwareContextLoaderDelegate)]
23:58:59.424 [Test worker] DEBUG org.springframework.test.context.BootstrapUtils - Instantiating TestContextBootstrapper for test class [com.example.project.repository.PersonRepositoryTest] from class [org.springframework.boot.test.context.SpringBootTestContextBootstrapper]
23:58:59.437 [Test worker] INFO org.springframework.boot.test.context.SpringBootTestContextBootstrapper - Neither @ContextConfiguration nor @ContextHierarchy found for test class [com.example.project.repository.PersonRepositoryTest], using SpringBootContextLoader
23:58:59.441 [Test worker] DEBUG org.springframework.test.context.support.AbstractContextLoader - Did not detect default resource location for test class [com.example.project.repository.PersonRepositoryTest]: class path resource [com/example/project/repository/PersonRepositoryTest-context.xml] does not exist
23:58:59.442 [Test worker] DEBUG org.springframework.test.context.support.AbstractContextLoader - Did not detect default resource location for test class [com.example.project.repository.PersonRepositoryTest]: class path resource [com/example/project/repository/PersonRepositoryTestContext.groovy] does not exist
23:58:59.442 [Test worker] INFO org.springframework.test.context.support.AbstractContextLoader - Could not detect default resource locations for test class [com.example.project.repository.PersonRepositoryTest]: no resource found for suffixes {-context.xml, Context.groovy}.
23:58:59.443 [Test worker] INFO org.springframework.test.context.support.AnnotationConfigContextLoaderUtils - Could not detect default configuration classes for test class [com.example.project.repository.PersonRepositoryTest]: PersonRepositoryTest does not declare any static, non-private, non-final, nested classes annotated with @Configuration.
23:58:59.497 [Test worker] DEBUG org.springframework.test.context.support.ActiveProfilesUtils - Could not find an 'annotation declaring class' for annotation type [org.springframework.test.context.ActiveProfiles] and class [com.example.project.repository.PersonRepositoryTest]
23:58:59.571 [Test worker] DEBUG org.springframework.context.annotation.ClassPathScanningCandidateComponentProvider - Identified candidate component class: file [/Users/ryudongjae/Desktop/project/SpringBoot-management.system/build/classes/java/main/com/example/project/ProjectApplication.class]
23:58:59.573 [Test worker] INFO org.springframework.boot.test.context.SpringBootTestContextBootstrapper - Found @SpringBootConfiguration com.example.project.ProjectApplication for test class com.example.project.repository.PersonRepositoryTest
23:58:59.678 [Test worker] DEBUG org.springframework.boot.test.context.SpringBootTestContextBootstrapper - @TestExecutionListeners is not present for class [com.example.project.repository.PersonRepositoryTest]: using defaults.
23:58:59.678 [Test worker] INFO org.springframework.boot.test.context.SpringBootTestContextBootstrapper - Loaded default TestExecutionListener class names from location [META-INF/spring.factories]: [org.springframework.boot.test.autoconfigure.restdocs.RestDocsTestExecutionListener, org.springframework.boot.test.autoconfigure.web.client.MockRestServiceServerResetTestExecutionListener, org.springframework.boot.test.autoconfigure.web.servlet.MockMvcPrintOnlyOnFailureTestExecutionListener, org.springframework.boot.test.autoconfigure.web.servlet.WebDriverTestExecutionListener, org.springframework.boot.test.autoconfigure.webservices.client.MockWebServiceServerTestExecutionListener, org.springframework.boot.test.mock.mockito.MockitoTestExecutionListener, org.springframework.boot.test.mock.mockito.ResetMocksTestExecutionListener, org.springframework.test.context.web.ServletTestExecutionListener, org.springframework.test.context.support.DirtiesContextBeforeModesTestExecutionListener, org.springframework.test.context.support.DependencyInjectionTestExecutionListener, org.springframework.test.context.support.DirtiesContextTestExecutionListener, org.springframework.test.context.transaction.TransactionalTestExecutionListener, org.springframework.test.context.jdbc.SqlScriptsTestExecutionListener, org.springframework.test.context.event.EventPublishingTestExecutionListener]
23:58:59.692 [Test worker] INFO org.springframework.boot.test.context.SpringBootTestContextBootstrapper - Using TestExecutionListeners: [org.springframework.test.context.web.ServletTestExecutionListener@278d9022, org.springframework.test.context.support.DirtiesContextBeforeModesTestExecutionListener@266e31e0, org.springframework.boot.test.mock.mockito.MockitoTestExecutionListener@619b0b09, org.springframework.boot.test.autoconfigure.SpringBootDependencyInjectionTestExecutionListener@4d7b8e3c, org.springframework.test.context.support.DirtiesContextTestExecutionListener@6bc0b31, org.springframework.test.context.transaction.TransactionalTestExecutionListener@518acb37, org.springframework.test.context.jdbc.SqlScriptsTestExecutionListener@6870414c, org.springframework.test.context.event.EventPublishingTestExecutionListener@79eb2810, org.springframework.boot.test.autoconfigure.restdocs.RestDocsTestExecutionListener@1f68519f, org.springframework.boot.test.autoconfigure.web.client.MockRestServiceServerResetTestExecutionListener@18bce236, org.springframework.boot.test.autoconfigure.web.servlet.MockMvcPrintOnlyOnFailureTestExecutionListener@722caa4c, org.springframework.boot.test.autoconfigure.web.servlet.WebDriverTestExecutionListener@5227a7b1, org.springframework.boot.test.autoconfigure.webservices.client.MockWebServiceServerTestExecutionListener@f1ef0c3, org.springframework.boot.test.mock.mockito.ResetMocksTestExecutionListener@70cc0e44]
23:58:59.696 [Test worker] DEBUG org.springframework.test.context.support.AbstractDirtiesContextTestExecutionListener - Before test class: context [DefaultTestContext@a013064 testClass = PersonRepositoryTest, testInstance = [null], testMethod = [null], testException = [null], mergedContextConfiguration = [WebMergedContextConfiguration@4e34dbe8 testClass = PersonRepositoryTest, locations = '{}', classes = '{class com.example.project.ProjectApplication}', contextInitializerClasses = '[]', activeProfiles = '{}', propertySourceLocations = '{}', propertySourceProperties = '{org.springframework.boot.test.context.SpringBootTestContextBootstrapper=true}', contextCustomizers = set[org.springframework.boot.test.autoconfigure.actuate.metrics.MetricsExportContextCustomizerFactory$DisableMetricExportContextCustomizer@2e071e52, org.springframework.boot.test.autoconfigure.properties.PropertyMappingContextCustomizer@0, org.springframework.boot.test.autoconfigure.web.servlet.WebDriverContextCustomizerFactory$Customizer@353b44a2, org.springframework.boot.test.context.filter.ExcludeFilterContextCustomizer@17a43d1c, org.springframework.boot.test.json.DuplicateJsonObjectContextCustomizerFactory$DuplicateJsonObjectContextCustomizer@2599bbd6, org.springframework.boot.test.mock.mockito.MockitoContextCustomizer@0, org.springframework.boot.test.web.client.TestRestTemplateContextCustomizer@2ffcb4a1, org.springframework.boot.test.context.SpringBootTestArgs@1, org.springframework.boot.test.context.SpringBootTestWebEnvironment@69a93c0], resourceBasePath = 'src/main/webapp', contextLoader = 'org.springframework.boot.test.context.SpringBootContextLoader', parent = [null]], attributes = map['org.springframework.test.context.web.ServletTestExecutionListener.activateListener' -> true]], class annotated with @DirtiesContext [false] with mode [null].
23:58:59.724 [Test worker] DEBUG org.springframework.test.context.support.TestPropertySourceUtils - Adding inlined properties to environment: {spring.jmx.enabled=false, org.springframework.boot.test.context.SpringBootTestContextBootstrapper=true}

  .   ____          _            __ _ _
 /\\ / ___'_ __ _ _(_)_ __  __ _ \ \ \ \
( ( )\___ | '_ | '_| | '_ \/ _` | \ \ \ \
 \\/  ___)| |_)| | | | | || (_| |  ) ) ) )
  '  |____| .__|_| |_|_| |_\__, | / / / /
 =========|_|==============|___/=/_/_/_/
 :: Spring Boot ::                (v2.4.1)

2021-01-14 23:59:00.164  INFO 9007 --- [    Test worker] c.e.p.repository.PersonRepositoryTest    : Starting PersonRepositoryTest using Java 15.0.1 on lyudongjaeui-MacBookPro.local with PID 9007 (started by ryudongjae in /Users/ryudongjae/Desktop/project/SpringBoot-management.system)
2021-01-14 23:59:00.169  INFO 9007 --- [    Test worker] c.e.p.repository.PersonRepositoryTest    : No active profile set, falling back to default profiles: default
2021-01-14 23:59:00.972  INFO 9007 --- [    Test worker] .s.d.r.c.RepositoryConfigurationDelegate : Bootstrapping Spring Data JPA repositories in DEFAULT mode.
2021-01-14 23:59:01.037  INFO 9007 --- [    Test worker] .s.d.r.c.RepositoryConfigurationDelegate : Finished Spring Data repository scanning in 55 ms. Found 2 JPA repository interfaces.
2021-01-14 23:59:01.590  INFO 9007 --- [    Test worker] com.zaxxer.hikari.HikariDataSource       : HikariPool-1 - Starting...
2021-01-14 23:59:01.756  INFO 9007 --- [    Test worker] com.zaxxer.hikari.HikariDataSource       : HikariPool-1 - Start completed.
2021-01-14 23:59:01.845  INFO 9007 --- [    Test worker] o.hibernate.jpa.internal.util.LogHelper  : HHH000204: Processing PersistenceUnitInfo [name: default]
2021-01-14 23:59:01.902  INFO 9007 --- [    Test worker] org.hibernate.Version                    : HHH000412: Hibernate ORM core version 5.4.25.Final
2021-01-14 23:59:02.080  INFO 9007 --- [    Test worker] o.hibernate.annotations.common.Version   : HCANN000001: Hibernate Commons Annotations {5.1.2.Final}
2021-01-14 23:59:02.230  INFO 9007 --- [    Test worker] org.hibernate.dialect.Dialect            : HHH000400: Using dialect: org.hibernate.dialect.H2Dialect
2021-01-14 23:59:02.812  INFO 9007 --- [    Test worker] o.h.e.t.j.p.i.JtaPlatformInitiator       : HHH000490: Using JtaPlatform implementation: [org.hibernate.engine.transaction.jta.platform.internal.NoJtaPlatform]
2021-01-14 23:59:02.821  INFO 9007 --- [    Test worker] j.LocalContainerEntityManagerFactoryBean : Initialized JPA EntityManagerFactory for persistence unit 'default'
2021-01-14 23:59:03.456  WARN 9007 --- [    Test worker] JpaBaseConfiguration$JpaWebConfiguration : spring.jpa.open-in-view is enabled by default. Therefore, database queries may be performed during view rendering. Explicitly configure spring.jpa.open-in-view to disable this warning
2021-01-14 23:59:03.675  INFO 9007 --- [    Test worker] o.s.s.concurrent.ThreadPoolTaskExecutor  : Initializing ExecutorService 'applicationTaskExecutor'
2021-01-14 23:59:04.044  INFO 9007 --- [    Test worker] c.e.p.repository.PersonRepositoryTest    : Started PersonRepositoryTest in 4.312 seconds (JVM running for 5.441)
Person(Id=2, name=david, age=9, hobby=null, bloodType=B, address=null, birthday=1991-08-02, job=null)
Person(Id=3, name=dennis, age=11, hobby=null, bloodType=AB, address=null, birthday=1991-08-04, job=null)
Person(Id=5, name=jack, age=22, hobby=null, bloodType=AB, address=null, birthday=1991-08-22, job=null)
]]></system-out>
  <system-err><![CDATA[]]></system-err>
</testsuite>
