<?xml version="1.0" encoding="UTF-8"?>
<testsuite name="com.example.project.ProjectApplicationTests" tests="1" skipped="0" failures="0" errors="0" timestamp="2021-01-20T13:53:12" hostname="lyudongjaeui-MacBookPro.local" time="0.005">
  <properties/>
  <testcase name="contextLoads()" classname="com.example.project.ProjectApplicationTests" time="0.005"/>
  <system-out><![CDATA[2021-01-20 22:53:12.923  INFO 33683 --- [    Test worker] .b.t.c.SpringBootTestContextBootstrapper : Neither @ContextConfiguration nor @ContextHierarchy found for test class [com.example.project.ProjectApplicationTests], using SpringBootContextLoader
2021-01-20 22:53:12.925  INFO 33683 --- [    Test worker] o.s.t.c.support.AbstractContextLoader    : Could not detect default resource locations for test class [com.example.project.ProjectApplicationTests]: no resource found for suffixes {-context.xml, Context.groovy}.
2021-01-20 22:53:12.925  INFO 33683 --- [    Test worker] t.c.s.AnnotationConfigContextLoaderUtils : Could not detect default configuration classes for test class [com.example.project.ProjectApplicationTests]: ProjectApplicationTests does not declare any static, non-private, non-final, nested classes annotated with @Configuration.
2021-01-20 22:53:12.930  INFO 33683 --- [    Test worker] .b.t.c.SpringBootTestContextBootstrapper : Found @SpringBootConfiguration com.example.project.ProjectApplication for test class com.example.project.ProjectApplicationTests
2021-01-20 22:53:12.932  INFO 33683 --- [    Test worker] .b.t.c.SpringBootTestContextBootstrapper : Loaded default TestExecutionListener class names from location [META-INF/spring.factories]: [org.springframework.boot.test.autoconfigure.restdocs.RestDocsTestExecutionListener, org.springframework.boot.test.autoconfigure.web.client.MockRestServiceServerResetTestExecutionListener, org.springframework.boot.test.autoconfigure.web.servlet.MockMvcPrintOnlyOnFailureTestExecutionListener, org.springframework.boot.test.autoconfigure.web.servlet.WebDriverTestExecutionListener, org.springframework.boot.test.autoconfigure.webservices.client.MockWebServiceServerTestExecutionListener, org.springframework.boot.test.mock.mockito.MockitoTestExecutionListener, org.springframework.boot.test.mock.mockito.ResetMocksTestExecutionListener, org.springframework.test.context.web.ServletTestExecutionListener, org.springframework.test.context.support.DirtiesContextBeforeModesTestExecutionListener, org.springframework.test.context.support.DependencyInjectionTestExecutionListener, org.springframework.test.context.support.DirtiesContextTestExecutionListener, org.springframework.test.context.transaction.TransactionalTestExecutionListener, org.springframework.test.context.jdbc.SqlScriptsTestExecutionListener, org.springframework.test.context.event.EventPublishingTestExecutionListener]
2021-01-20 22:53:12.932  INFO 33683 --- [    Test worker] .b.t.c.SpringBootTestContextBootstrapper : Using TestExecutionListeners: [org.springframework.test.context.web.ServletTestExecutionListener@53cb5139, org.springframework.test.context.support.DirtiesContextBeforeModesTestExecutionListener@432b055b, org.springframework.boot.test.mock.mockito.MockitoTestExecutionListener@7ae408c0, org.springframework.boot.test.autoconfigure.SpringBootDependencyInjectionTestExecutionListener@9652430, org.springframework.test.context.support.DirtiesContextTestExecutionListener@2eeebc, org.springframework.test.context.transaction.TransactionalTestExecutionListener@1bb4223f, org.springframework.test.context.jdbc.SqlScriptsTestExecutionListener@41cc8b81, org.springframework.test.context.event.EventPublishingTestExecutionListener@6128732c, org.springframework.boot.test.autoconfigure.restdocs.RestDocsTestExecutionListener@16842abb, org.springframework.boot.test.autoconfigure.web.client.MockRestServiceServerResetTestExecutionListener@2c9b478e, org.springframework.boot.test.autoconfigure.web.servlet.MockMvcPrintOnlyOnFailureTestExecutionListener@9ae511f, org.springframework.boot.test.autoconfigure.web.servlet.WebDriverTestExecutionListener@2b3de215, org.springframework.boot.test.autoconfigure.webservices.client.MockWebServiceServerTestExecutionListener@1c5bd43b, org.springframework.boot.test.mock.mockito.ResetMocksTestExecutionListener@6a0a4709]
]]></system-out>
  <system-err><![CDATA[]]></system-err>
</testsuite>
