<?xml version="1.0" encoding="UTF-8"?>
<testsuite name="com.example.project.service.PersonServiceTest" tests="1" skipped="0" failures="0" errors="0" timestamp="2021-01-13T15:21:33" hostname="lyudongjaeui-MacBookPro.local" time="0.494">
  <properties/>
  <testcase name="getPeopleExcludeBlocks()" classname="com.example.project.service.PersonServiceTest" time="0.494"/>
  <system-out><![CDATA[00:21:27.895 [Test worker] DEBUG org.springframework.test.context.BootstrapUtils - Instantiating CacheAwareContextLoaderDelegate from class [org.springframework.test.context.cache.DefaultCacheAwareContextLoaderDelegate]
00:21:27.909 [Test worker] DEBUG org.springframework.test.context.BootstrapUtils - Instantiating BootstrapContext using constructor [public org.springframework.test.context.support.DefaultBootstrapContext(java.lang.Class,org.springframework.test.context.CacheAwareContextLoaderDelegate)]
00:21:27.945 [Test worker] DEBUG org.springframework.test.context.BootstrapUtils - Instantiating TestContextBootstrapper for test class [com.example.project.service.PersonServiceTest] from class [org.springframework.boot.test.context.SpringBootTestContextBootstrapper]
00:21:27.957 [Test worker] INFO org.springframework.boot.test.context.SpringBootTestContextBootstrapper - Neither @ContextConfiguration nor @ContextHierarchy found for test class [com.example.project.service.PersonServiceTest], using SpringBootContextLoader
00:21:27.961 [Test worker] DEBUG org.springframework.test.context.support.AbstractContextLoader - Did not detect default resource location for test class [com.example.project.service.PersonServiceTest]: class path resource [com/example/project/service/PersonServiceTest-context.xml] does not exist
00:21:27.962 [Test worker] DEBUG org.springframework.test.context.support.AbstractContextLoader - Did not detect default resource location for test class [com.example.project.service.PersonServiceTest]: class path resource [com/example/project/service/PersonServiceTestContext.groovy] does not exist
00:21:27.963 [Test worker] INFO org.springframework.test.context.support.AbstractContextLoader - Could not detect default resource locations for test class [com.example.project.service.PersonServiceTest]: no resource found for suffixes {-context.xml, Context.groovy}.
00:21:27.964 [Test worker] INFO org.springframework.test.context.support.AnnotationConfigContextLoaderUtils - Could not detect default configuration classes for test class [com.example.project.service.PersonServiceTest]: PersonServiceTest does not declare any static, non-private, non-final, nested classes annotated with @Configuration.
00:21:28.017 [Test worker] DEBUG org.springframework.test.context.support.ActiveProfilesUtils - Could not find an 'annotation declaring class' for annotation type [org.springframework.test.context.ActiveProfiles] and class [com.example.project.service.PersonServiceTest]
00:21:28.081 [Test worker] DEBUG org.springframework.context.annotation.ClassPathScanningCandidateComponentProvider - Identified candidate component class: file [/Users/ryudongjae/Desktop/project/SpringBoot-management.system/build/classes/java/main/com/example/project/ProjectApplication.class]
00:21:28.082 [Test worker] INFO org.springframework.boot.test.context.SpringBootTestContextBootstrapper - Found @SpringBootConfiguration com.example.project.ProjectApplication for test class com.example.project.service.PersonServiceTest
00:21:28.200 [Test worker] DEBUG org.springframework.boot.test.context.SpringBootTestContextBootstrapper - @TestExecutionListeners is not present for class [com.example.project.service.PersonServiceTest]: using defaults.
00:21:28.201 [Test worker] INFO org.springframework.boot.test.context.SpringBootTestContextBootstrapper - Loaded default TestExecutionListener class names from location [META-INF/spring.factories]: [org.springframework.boot.test.autoconfigure.restdocs.RestDocsTestExecutionListener, org.springframework.boot.test.autoconfigure.web.client.MockRestServiceServerResetTestExecutionListener, org.springframework.boot.test.autoconfigure.web.servlet.MockMvcPrintOnlyOnFailureTestExecutionListener, org.springframework.boot.test.autoconfigure.web.servlet.WebDriverTestExecutionListener, org.springframework.boot.test.autoconfigure.webservices.client.MockWebServiceServerTestExecutionListener, org.springframework.boot.test.mock.mockito.MockitoTestExecutionListener, org.springframework.boot.test.mock.mockito.ResetMocksTestExecutionListener, org.springframework.test.context.web.ServletTestExecutionListener, org.springframework.test.context.support.DirtiesContextBeforeModesTestExecutionListener, org.springframework.test.context.support.DependencyInjectionTestExecutionListener, org.springframework.test.context.support.DirtiesContextTestExecutionListener, org.springframework.test.context.transaction.TransactionalTestExecutionListener, org.springframework.test.context.jdbc.SqlScriptsTestExecutionListener, org.springframework.test.context.event.EventPublishingTestExecutionListener]
00:21:28.221 [Test worker] INFO org.springframework.boot.test.context.SpringBootTestContextBootstrapper - Using TestExecutionListeners: [org.springframework.test.context.web.ServletTestExecutionListener@38143449, org.springframework.test.context.support.DirtiesContextBeforeModesTestExecutionListener@4a597764, org.springframework.boot.test.mock.mockito.MockitoTestExecutionListener@7d575cb8, org.springframework.boot.test.autoconfigure.SpringBootDependencyInjectionTestExecutionListener@3e224dd3, org.springframework.test.context.support.DirtiesContextTestExecutionListener@278d9022, org.springframework.test.context.transaction.TransactionalTestExecutionListener@266e31e0, org.springframework.test.context.jdbc.SqlScriptsTestExecutionListener@619b0b09, org.springframework.test.context.event.EventPublishingTestExecutionListener@4d7b8e3c, org.springframework.boot.test.autoconfigure.restdocs.RestDocsTestExecutionListener@6bc0b31, org.springframework.boot.test.autoconfigure.web.client.MockRestServiceServerResetTestExecutionListener@518acb37, org.springframework.boot.test.autoconfigure.web.servlet.MockMvcPrintOnlyOnFailureTestExecutionListener@6870414c, org.springframework.boot.test.autoconfigure.web.servlet.WebDriverTestExecutionListener@79eb2810, org.springframework.boot.test.autoconfigure.webservices.client.MockWebServiceServerTestExecutionListener@1f68519f, org.springframework.boot.test.mock.mockito.ResetMocksTestExecutionListener@18bce236]
00:21:28.225 [Test worker] DEBUG org.springframework.test.context.support.AbstractDirtiesContextTestExecutionListener - Before test class: context [DefaultTestContext@7156d228 testClass = PersonServiceTest, testInstance = [null], testMethod = [null], testException = [null], mergedContextConfiguration = [WebMergedContextConfiguration@1d6b2357 testClass = PersonServiceTest, locations = '{}', classes = '{class com.example.project.ProjectApplication}', contextInitializerClasses = '[]', activeProfiles = '{}', propertySourceLocations = '{}', propertySourceProperties = '{org.springframework.boot.test.context.SpringBootTestContextBootstrapper=true}', contextCustomizers = set[org.springframework.boot.test.autoconfigure.actuate.metrics.MetricsExportContextCustomizerFactory$DisableMetricExportContextCustomizer@5b8281e2, org.springframework.boot.test.autoconfigure.properties.PropertyMappingContextCustomizer@0, org.springframework.boot.test.autoconfigure.web.servlet.WebDriverContextCustomizerFactory$Customizer@7e164206, org.springframework.boot.test.context.filter.ExcludeFilterContextCustomizer@68653f9d, org.springframework.boot.test.json.DuplicateJsonObjectContextCustomizerFactory$DuplicateJsonObjectContextCustomizer@56fc7989, org.springframework.boot.test.mock.mockito.MockitoContextCustomizer@0, org.springframework.boot.test.web.client.TestRestTemplateContextCustomizer@6a72d0e, org.springframework.boot.test.context.SpringBootTestArgs@1, org.springframework.boot.test.context.SpringBootTestWebEnvironment@69a89867], resourceBasePath = 'src/main/webapp', contextLoader = 'org.springframework.boot.test.context.SpringBootContextLoader', parent = [null]], attributes = map['org.springframework.test.context.web.ServletTestExecutionListener.activateListener' -> true]], class annotated with @DirtiesContext [false] with mode [null].
00:21:28.269 [Test worker] DEBUG org.springframework.test.context.support.TestPropertySourceUtils - Adding inlined properties to environment: {spring.jmx.enabled=false, org.springframework.boot.test.context.SpringBootTestContextBootstrapper=true}

  .   ____          _            __ _ _
 /\\ / ___'_ __ _ _(_)_ __  __ _ \ \ \ \
( ( )\___ | '_ | '_| | '_ \/ _` | \ \ \ \
 \\/  ___)| |_)| | | | | || (_| |  ) ) ) )
  '  |____| .__|_| |_|_| |_\__, | / / / /
 =========|_|==============|___/=/_/_/_/
 :: Spring Boot ::                (v2.4.1)

2021-01-14 00:21:28.567  INFO 5345 --- [    Test worker] c.e.project.service.PersonServiceTest    : Starting PersonServiceTest using Java 15.0.1 on lyudongjaeui-MacBookPro.local with PID 5345 (started by ryudongjae in /Users/ryudongjae/Desktop/project/SpringBoot-management.system)
2021-01-14 00:21:28.571  INFO 5345 --- [    Test worker] c.e.project.service.PersonServiceTest    : No active profile set, falling back to default profiles: default
2021-01-14 00:21:29.408  INFO 5345 --- [    Test worker] .s.d.r.c.RepositoryConfigurationDelegate : Bootstrapping Spring Data JPA repositories in DEFAULT mode.
2021-01-14 00:21:29.488  INFO 5345 --- [    Test worker] .s.d.r.c.RepositoryConfigurationDelegate : Finished Spring Data repository scanning in 68 ms. Found 2 JPA repository interfaces.
2021-01-14 00:21:30.048  INFO 5345 --- [    Test worker] com.zaxxer.hikari.HikariDataSource       : HikariPool-1 - Starting...
2021-01-14 00:21:30.297  INFO 5345 --- [    Test worker] com.zaxxer.hikari.HikariDataSource       : HikariPool-1 - Start completed.
2021-01-14 00:21:30.377  INFO 5345 --- [    Test worker] o.hibernate.jpa.internal.util.LogHelper  : HHH000204: Processing PersistenceUnitInfo [name: default]
2021-01-14 00:21:30.435  INFO 5345 --- [    Test worker] org.hibernate.Version                    : HHH000412: Hibernate ORM core version 5.4.25.Final
2021-01-14 00:21:30.632  INFO 5345 --- [    Test worker] o.hibernate.annotations.common.Version   : HCANN000001: Hibernate Commons Annotations {5.1.2.Final}
2021-01-14 00:21:30.775  INFO 5345 --- [    Test worker] org.hibernate.dialect.Dialect            : HHH000400: Using dialect: org.hibernate.dialect.H2Dialect
2021-01-14 00:21:31.556  INFO 5345 --- [    Test worker] o.h.e.t.j.p.i.JtaPlatformInitiator       : HHH000490: Using JtaPlatform implementation: [org.hibernate.engine.transaction.jta.platform.internal.NoJtaPlatform]
2021-01-14 00:21:31.564  INFO 5345 --- [    Test worker] j.LocalContainerEntityManagerFactoryBean : Initialized JPA EntityManagerFactory for persistence unit 'default'
2021-01-14 00:21:32.188  WARN 5345 --- [    Test worker] JpaBaseConfiguration$JpaWebConfiguration : spring.jpa.open-in-view is enabled by default. Therefore, database queries may be performed during view rendering. Explicitly configure spring.jpa.open-in-view to disable this warning
2021-01-14 00:21:32.498  INFO 5345 --- [    Test worker] o.s.s.concurrent.ThreadPoolTaskExecutor  : Initializing ExecutorService 'applicationTaskExecutor'
2021-01-14 00:21:32.996  INFO 5345 --- [    Test worker] c.e.project.service.PersonServiceTest    : Started PersonServiceTest in 4.717 seconds (JVM running for 6.012)
Person(Id=3, name=david, age=22, hobby=null, bloodType=B, address=null, birthday=null, block=null)
Person(Id=4, name=cris, age=33, hobby=null, bloodType=O, address=null, birthday=null, block=null)
Person(Id=5, name=dennis, age=21, hobby=null, bloodType=AB, address=null, birthday=null, block=null)
]]></system-out>
  <system-err><![CDATA[]]></system-err>
</testsuite>
