<?xml version="1.0" encoding="UTF-8"?>
<testsuite name="com.example.java.project.project.controller.HelloWorldControllerTest" tests="2" skipped="0" failures="0" errors="0" timestamp="2021-01-05T08:59:50" hostname="lyudongjaeui-MacBookPro.local" time="0.334">
  <properties/>
  <testcase name="helloworld()" classname="com.example.java.project.project.controller.HelloWorldControllerTest" time="0.274"/>
  <testcase name="mockmvcTest()" classname="com.example.java.project.project.controller.HelloWorldControllerTest" time="0.059"/>
  <system-out><![CDATA[17:59:49.276 [Test worker] DEBUG org.springframework.test.context.BootstrapUtils - Instantiating CacheAwareContextLoaderDelegate from class [org.springframework.test.context.cache.DefaultCacheAwareContextLoaderDelegate]
17:59:49.285 [Test worker] DEBUG org.springframework.test.context.BootstrapUtils - Instantiating BootstrapContext using constructor [public org.springframework.test.context.support.DefaultBootstrapContext(java.lang.Class,org.springframework.test.context.CacheAwareContextLoaderDelegate)]
17:59:49.318 [Test worker] DEBUG org.springframework.test.context.BootstrapUtils - Instantiating TestContextBootstrapper for test class [com.example.java.project.project.controller.HelloWorldControllerTest] from class [org.springframework.boot.test.context.SpringBootTestContextBootstrapper]
17:59:49.327 [Test worker] INFO org.springframework.boot.test.context.SpringBootTestContextBootstrapper - Neither @ContextConfiguration nor @ContextHierarchy found for test class [com.example.java.project.project.controller.HelloWorldControllerTest], using SpringBootContextLoader
17:59:49.330 [Test worker] DEBUG org.springframework.test.context.support.AbstractContextLoader - Did not detect default resource location for test class [com.example.java.project.project.controller.HelloWorldControllerTest]: class path resource [com/example/java/project/project/controller/HelloWorldControllerTest-context.xml] does not exist
17:59:49.331 [Test worker] DEBUG org.springframework.test.context.support.AbstractContextLoader - Did not detect default resource location for test class [com.example.java.project.project.controller.HelloWorldControllerTest]: class path resource [com/example/java/project/project/controller/HelloWorldControllerTestContext.groovy] does not exist
17:59:49.331 [Test worker] INFO org.springframework.test.context.support.AbstractContextLoader - Could not detect default resource locations for test class [com.example.java.project.project.controller.HelloWorldControllerTest]: no resource found for suffixes {-context.xml, Context.groovy}.
17:59:49.332 [Test worker] INFO org.springframework.test.context.support.AnnotationConfigContextLoaderUtils - Could not detect default configuration classes for test class [com.example.java.project.project.controller.HelloWorldControllerTest]: HelloWorldControllerTest does not declare any static, non-private, non-final, nested classes annotated with @Configuration.
17:59:49.369 [Test worker] DEBUG org.springframework.test.context.support.ActiveProfilesUtils - Could not find an 'annotation declaring class' for annotation type [org.springframework.test.context.ActiveProfiles] and class [com.example.java.project.project.controller.HelloWorldControllerTest]
17:59:49.423 [Test worker] DEBUG org.springframework.context.annotation.ClassPathScanningCandidateComponentProvider - Identified candidate component class: file [/Users/ryudongjae/Desktop/project/build/classes/java/main/com/example/java/project/project/ProjectApplication.class]
17:59:49.424 [Test worker] INFO org.springframework.boot.test.context.SpringBootTestContextBootstrapper - Found @SpringBootConfiguration com.example.java.project.project.ProjectApplication for test class com.example.java.project.project.controller.HelloWorldControllerTest
17:59:49.495 [Test worker] DEBUG org.springframework.boot.test.context.SpringBootTestContextBootstrapper - @TestExecutionListeners is not present for class [com.example.java.project.project.controller.HelloWorldControllerTest]: using defaults.
17:59:49.496 [Test worker] INFO org.springframework.boot.test.context.SpringBootTestContextBootstrapper - Loaded default TestExecutionListener class names from location [META-INF/spring.factories]: [org.springframework.boot.test.autoconfigure.restdocs.RestDocsTestExecutionListener, org.springframework.boot.test.autoconfigure.web.client.MockRestServiceServerResetTestExecutionListener, org.springframework.boot.test.autoconfigure.web.servlet.MockMvcPrintOnlyOnFailureTestExecutionListener, org.springframework.boot.test.autoconfigure.web.servlet.WebDriverTestExecutionListener, org.springframework.boot.test.autoconfigure.webservices.client.MockWebServiceServerTestExecutionListener, org.springframework.boot.test.mock.mockito.MockitoTestExecutionListener, org.springframework.boot.test.mock.mockito.ResetMocksTestExecutionListener, org.springframework.test.context.web.ServletTestExecutionListener, org.springframework.test.context.support.DirtiesContextBeforeModesTestExecutionListener, org.springframework.test.context.support.DependencyInjectionTestExecutionListener, org.springframework.test.context.support.DirtiesContextTestExecutionListener, org.springframework.test.context.transaction.TransactionalTestExecutionListener, org.springframework.test.context.jdbc.SqlScriptsTestExecutionListener, org.springframework.test.context.event.EventPublishingTestExecutionListener]
17:59:49.508 [Test worker] DEBUG org.springframework.boot.test.context.SpringBootTestContextBootstrapper - Skipping candidate TestExecutionListener [org.springframework.test.context.transaction.TransactionalTestExecutionListener] due to a missing dependency. Specify custom listener classes or make the default listener classes and their required dependencies available. Offending class: [org/springframework/transaction/interceptor/TransactionAttributeSource]
17:59:49.509 [Test worker] DEBUG org.springframework.boot.test.context.SpringBootTestContextBootstrapper - Skipping candidate TestExecutionListener [org.springframework.test.context.jdbc.SqlScriptsTestExecutionListener] due to a missing dependency. Specify custom listener classes or make the default listener classes and their required dependencies available. Offending class: [org/springframework/transaction/interceptor/TransactionAttribute]
17:59:49.509 [Test worker] INFO org.springframework.boot.test.context.SpringBootTestContextBootstrapper - Using TestExecutionListeners: [org.springframework.test.context.web.ServletTestExecutionListener@5fa0ff17, org.springframework.test.context.support.DirtiesContextBeforeModesTestExecutionListener@592a9e60, org.springframework.boot.test.mock.mockito.MockitoTestExecutionListener@7b110e7b, org.springframework.boot.test.autoconfigure.SpringBootDependencyInjectionTestExecutionListener@76c82363, org.springframework.test.context.support.DirtiesContextTestExecutionListener@2e4822ea, org.springframework.test.context.event.EventPublishingTestExecutionListener@231c60dd, org.springframework.boot.test.autoconfigure.restdocs.RestDocsTestExecutionListener@508dc013, org.springframework.boot.test.autoconfigure.web.client.MockRestServiceServerResetTestExecutionListener@67e9225a, org.springframework.boot.test.autoconfigure.web.servlet.MockMvcPrintOnlyOnFailureTestExecutionListener@8d9133f, org.springframework.boot.test.autoconfigure.web.servlet.WebDriverTestExecutionListener@48839071, org.springframework.boot.test.autoconfigure.webservices.client.MockWebServiceServerTestExecutionListener@76305c2a, org.springframework.boot.test.mock.mockito.ResetMocksTestExecutionListener@58654b44]
17:59:49.512 [Test worker] DEBUG org.springframework.test.context.support.AbstractDirtiesContextTestExecutionListener - Before test class: context [DefaultTestContext@609e72fc testClass = HelloWorldControllerTest, testInstance = [null], testMethod = [null], testException = [null], mergedContextConfiguration = [WebMergedContextConfiguration@2ad71158 testClass = HelloWorldControllerTest, locations = '{}', classes = '{class com.example.java.project.project.ProjectApplication}', contextInitializerClasses = '[]', activeProfiles = '{}', propertySourceLocations = '{}', propertySourceProperties = '{org.springframework.boot.test.context.SpringBootTestContextBootstrapper=true}', contextCustomizers = set[org.springframework.boot.test.autoconfigure.actuate.metrics.MetricsExportContextCustomizerFactory$DisableMetricExportContextCustomizer@53bbb460, org.springframework.boot.test.autoconfigure.properties.PropertyMappingContextCustomizer@0, org.springframework.boot.test.autoconfigure.web.servlet.WebDriverContextCustomizerFactory$Customizer@23ec4666, org.springframework.boot.test.context.filter.ExcludeFilterContextCustomizer@2b45d456, org.springframework.boot.test.json.DuplicateJsonObjectContextCustomizerFactory$DuplicateJsonObjectContextCustomizer@7e164206, org.springframework.boot.test.mock.mockito.MockitoContextCustomizer@0, org.springframework.boot.test.web.client.TestRestTemplateContextCustomizer@6f1dce2f, org.springframework.boot.test.context.SpringBootTestArgs@1, org.springframework.boot.test.context.SpringBootTestWebEnvironment@636cdaa0], resourceBasePath = 'src/main/webapp', contextLoader = 'org.springframework.boot.test.context.SpringBootContextLoader', parent = [null]], attributes = map['org.springframework.test.context.web.ServletTestExecutionListener.activateListener' -> true]], class annotated with @DirtiesContext [false] with mode [null].
17:59:49.542 [Test worker] DEBUG org.springframework.test.context.support.TestPropertySourceUtils - Adding inlined properties to environment: {spring.jmx.enabled=false, org.springframework.boot.test.context.SpringBootTestContextBootstrapper=true}

  .   ____          _            __ _ _
 /\\ / ___'_ __ _ _(_)_ __  __ _ \ \ \ \
( ( )\___ | '_ | '_| | '_ \/ _` | \ \ \ \
 \\/  ___)| |_)| | | | | || (_| |  ) ) ) )
  '  |____| .__|_| |_|_| |_\__, | / / / /
 =========|_|==============|___/=/_/_/_/
 :: Spring Boot ::                (v2.4.1)

2021-01-05 17:59:49.751  INFO 3194 --- [    Test worker] c.e.j.p.p.c.HelloWorldControllerTest     : Starting HelloWorldControllerTest using Java 15.0.1 on lyudongjaeui-MacBookPro.local with PID 3194 (started by ryudongjae in /Users/ryudongjae/Desktop/project)
2021-01-05 17:59:49.753  INFO 3194 --- [    Test worker] c.e.j.p.p.c.HelloWorldControllerTest     : No active profile set, falling back to default profiles: default
2021-01-05 17:59:50.574  INFO 3194 --- [    Test worker] o.s.s.concurrent.ThreadPoolTaskExecutor  : Initializing ExecutorService 'applicationTaskExecutor'
2021-01-05 17:59:50.770  INFO 3194 --- [    Test worker] c.e.j.p.p.c.HelloWorldControllerTest     : Started HelloWorldControllerTest in 1.22 seconds (JVM running for 2.155)
HelloWorld!!
2021-01-05 17:59:51.073  INFO 3194 --- [    Test worker] o.s.mock.web.MockServletContext          : Initializing Spring TestDispatcherServlet ''
2021-01-05 17:59:51.073  INFO 3194 --- [    Test worker] o.s.t.web.servlet.TestDispatcherServlet  : Initializing Servlet ''
2021-01-05 17:59:51.074  INFO 3194 --- [    Test worker] o.s.t.web.servlet.TestDispatcherServlet  : Completed initialization in 1 ms

MockHttpServletRequest:
      HTTP Method = GET
      Request URI = /api/helloworld
       Parameters = {}
          Headers = []
             Body = <no character encoding set>
    Session Attrs = {}

Handler:
             Type = com.example.java.project.project.controller.HelloWorldContorller
           Method = com.example.java.project.project.controller.HelloWorldContorller#helloWorld()

Async:
    Async started = false
     Async result = null

Resolved Exception:
             Type = null

ModelAndView:
        View name = null
             View = null
            Model = null

FlashMap:
       Attributes = null

MockHttpServletResponse:
           Status = 200
    Error message = null
          Headers = [Content-Type:"text/plain;charset=ISO-8859-1", Content-Length:"12"]
     Content type = text/plain;charset=ISO-8859-1
             Body = HelloWorld!!
    Forwarded URL = null
   Redirected URL = null
          Cookies = []
]]></system-out>
  <system-err><![CDATA[]]></system-err>
</testsuite>
