<?xml version="1.0" encoding="UTF-8"?>
<testsuite name="com.example.project.service.PersonServiceTest" tests="11" skipped="0" failures="0" errors="0" timestamp="2021-01-20T13:53:12" hostname="lyudongjaeui-MacBookPro.local" time="0.192">
  <properties/>
  <testcase name="modifyByNameIfPersonNotFound()" classname="com.example.project.service.PersonServiceTest" time="0.145"/>
  <testcase name="delete()" classname="com.example.project.service.PersonServiceTest" time="0.014"/>
  <testcase name="modify()" classname="com.example.project.service.PersonServiceTest" time="0.003"/>
  <testcase name="modifyByName()" classname="com.example.project.service.PersonServiceTest" time="0.002"/>
  <testcase name="getPersonIfNotFound()" classname="com.example.project.service.PersonServiceTest" time="0.002"/>
  <testcase name="put()" classname="com.example.project.service.PersonServiceTest" time="0.003"/>
  <testcase name="modifyIfPersonNotFound()" classname="com.example.project.service.PersonServiceTest" time="0.004"/>
  <testcase name="getPerson()" classname="com.example.project.service.PersonServiceTest" time="0.002"/>
  <testcase name="modifyIfNameDifferent()" classname="com.example.project.service.PersonServiceTest" time="0.003"/>
  <testcase name="deleteIfPersonNotFound()" classname="com.example.project.service.PersonServiceTest" time="0.003"/>
  <testcase name="getPeopleByName()" classname="com.example.project.service.PersonServiceTest" time="0.003"/>
  <system-out><![CDATA[]]></system-out>
  <system-err><![CDATA[]]></system-err>
</testsuite>
